2025-03-03 18:35:34,346 - INFO - Usuário usuarioID2 cadastrado com sucesso.
2025-03-03 18:35:34,601 - INFO - Usuários listados com sucesso.
2025-03-03 18:35:35,266 - INFO - Usuário usuarioID2 editado com sucesso.
2025-03-03 18:35:35,504 - INFO - Usuários listados com sucesso.
2025-03-03 18:35:36,181 - INFO - Usuário usuarioID2 removido com sucesso.
2025-03-03 18:35:36,417 - INFO - Usuários listados com sucesso.
2025-03-03 18:35:38,284 - INFO - Banco de horas de usuarioID1 atualizado com sucesso.
2025-03-03 18:35:38,284 - INFO - Ponto pontoID2 registrado com sucesso.
2025-03-03 18:35:38,883 - INFO - Pontos listados com sucesso.
2025-03-03 18:35:39,177 - INFO - Banco de horas de usuarioID1 visualizado com sucesso.
2025-03-03 18:35:39,178 - ERROR - Permissão negada: Apenas administradores podem listar usuários.
2025-03-03 18:35:54,677 - INFO - Usuário usuarioID1 cadastrado com sucesso.
2025-03-03 18:35:54,930 - INFO - Usuário usuarioID1 editado com sucesso.
2025-03-03 18:35:55,592 - INFO - Usuário usuarioID2 cadastrado com sucesso.
2025-03-03 18:35:57,619 - INFO - Banco de horas de usuarioID2 atualizado com sucesso.
2025-03-03 18:35:57,619 - INFO - Ponto pontoID2 registrado com sucesso.
2025-03-03 18:35:59,413 - INFO - Banco de horas total de usuarioID2 atualizado com sucesso.
2025-03-03 18:36:00,004 - ERROR - Permissão negada: Apenas administradores podem listar usuários.
2025-03-03 19:24:05,978 - INFO - Usuário usuarioID1 cadastrado com sucesso.
2025-03-03 19:24:06,633 - INFO - Usuário usuarioID1 editado com sucesso.
2025-03-03 19:24:06,884 - INFO - Usuário usuarioID2 cadastrado com sucesso.
2025-03-03 19:24:09,321 - INFO - Banco de horas de usuarioID2 atualizado com sucesso.
2025-03-03 19:24:09,321 - INFO - Ponto pontoID2 registrado com sucesso.
2025-03-03 19:24:11,115 - INFO - Banco de horas de usuarioID2 atualizado com sucesso.
2025-03-03 19:24:11,115 - INFO - Ponto pontoID2 registrado com sucesso.
2025-03-03 19:24:12,894 - INFO - Banco de horas total de usuarioID2 atualizado com sucesso.
2025-03-03 19:24:13,115 - ERROR - Permissão negada: Apenas administradores podem listar usuários.
2025-03-03 19:24:36,581 - INFO - Usuário usuarioID1 cadastrado com sucesso.
2025-03-03 19:24:36,833 - INFO - Usuário usuarioID1 editado com sucesso.
2025-03-03 19:24:37,474 - INFO - Usuário usuarioID2 cadastrado com sucesso.
2025-03-03 19:24:39,504 - INFO - Banco de horas de usuarioID2 atualizado com sucesso.
2025-03-03 19:24:39,505 - INFO - Ponto pontoID2 registrado com sucesso.
2025-03-03 19:24:41,295 - INFO - Banco de horas de usuarioID2 atualizado com sucesso.
2025-03-03 19:24:41,295 - INFO - Ponto pontoID3 registrado com sucesso.
2025-03-03 19:24:43,681 - INFO - Banco de horas total de usuarioID2 atualizado com sucesso.
2025-03-03 19:24:43,918 - ERROR - Permissão negada: Apenas administradores podem listar usuários.
